Сборка начата 20.05.2017 22:09:07.
     1>Проект "C:\Users\Талгат\semenars\model 8\LCA\LCA\LCA.vcxproj" в узле 2 (целевые объекты Build).
     1>ClCompile:
         C:\Program Files (x86)\Microsoft Visual Studio 12.0\VC\bin\CL.exe /c /ZI /nologo /W3 /WX- /sdl /Od /Oy- /D _MBCS /Gm /EHsc /RTC1 /MDd /GS /fp:precise /Zc:wchar_t /Zc:forScope /Fo"Debug\\" /Fd"Debug\vc120.pdb" /Gd /TP /analyze- /errorReport:prompt "Исходный код.cpp"
         Исходный код.cpp
     1>c:\users\талгат\semenars\model 8\lca\lca\исходный код.cpp(19): warning C4244: аргумент: преобразование "double" в "unsigned int", возможна потеря данных
     1>c:\users\талгат\semenars\model 8\lca\lca\исходный код.cpp(20): warning C4244: аргумент: преобразование "__int64" в "unsigned int", возможна потеря данных
     1>c:\users\талгат\semenars\model 8\lca\lca\исходный код.cpp(38): warning C4244: аргумент: преобразование "__int64" в "unsigned int", возможна потеря данных
     1>c:\users\талгат\semenars\model 8\lca\lca\исходный код.cpp(39): warning C4244: аргумент: преобразование "__int64" в "unsigned int", возможна потеря данных
     1>c:\users\талгат\semenars\model 8\lca\lca\исходный код.cpp(44): warning C4244: аргумент: преобразование "__int64" в "unsigned int", возможна потеря данных
     1>c:\users\талгат\semenars\model 8\lca\lca\исходный код.cpp(45): warning C4244: аргумент: преобразование "__int64" в "unsigned int", возможна потеря данных
     1>c:\users\талгат\semenars\model 8\lca\lca\исходный код.cpp(47): warning C4244: аргумент: преобразование "__int64" в "unsigned int", возможна потеря данных
     1>c:\users\талгат\semenars\model 8\lca\lca\исходный код.cpp(48): warning C4244: аргумент: преобразование "__int64" в "unsigned int", возможна потеря данных
     1>c:\users\талгат\semenars\model 8\lca\lca\исходный код.cpp(50): warning C4244: аргумент: преобразование "__int64" в "unsigned int", возможна потеря данных
     1>c:\users\талгат\semenars\model 8\lca\lca\исходный код.cpp(55): warning C4244: аргумент: преобразование "__int64" в "unsigned int", возможна потеря данных
     1>c:\users\талгат\semenars\model 8\lca\lca\исходный код.cpp(60): warning C4244: аргумент: преобразование "__int64" в "unsigned int", возможна потеря данных
     1>c:\users\талгат\semenars\model 8\lca\lca\исходный код.cpp(76): warning C4244: аргумент: преобразование "__int64" в "unsigned int", возможна потеря данных
     1>c:\users\талгат\semenars\model 8\lca\lca\исходный код.cpp(104): warning C4244: инициализация: преобразование "double" в "__int64", возможна потеря данных
     1>c:\users\талгат\semenars\model 8\lca\lca\исходный код.cpp(105): warning C4244: аргумент: преобразование "__int64" в "unsigned int", возможна потеря данных
     1>c:\users\талгат\semenars\model 8\lca\lca\исходный код.cpp(106): warning C4244: аргумент: преобразование "__int64" в "unsigned int", возможна потеря данных
     1>c:\users\талгат\semenars\model 8\lca\lca\исходный код.cpp(107): warning C4244: аргумент: преобразование "__int64" в "unsigned int", возможна потеря данных
     1>c:\users\талгат\semenars\model 8\lca\lca\исходный код.cpp(130): warning C4244: аргумент: преобразование "__int64" в "unsigned int", возможна потеря данных
     1>c:\users\талгат\semenars\model 8\lca\lca\исходный код.cpp(132): warning C4244: аргумент: преобразование "__int64" в "unsigned int", возможна потеря данных
     1>c:\users\талгат\semenars\model 8\lca\lca\исходный код.cpp(132): error C4996: 'scanf': This function or variable may be unsafe. Consider using scanf_s instead. To disable deprecation, use _CRT_SECURE_NO_WARNINGS. See online help for details.
                 c:\program files (x86)\microsoft visual studio 12.0\vc\include\stdio.h(283): см. объявление "scanf"
     1>Сборка проекта "C:\Users\Талгат\semenars\model 8\LCA\LCA\LCA.vcxproj" завершена (целевые объекты Build) с ошибкой.

Ошибка сборки.

Затраченное время: 00:00:01.25
